<?xml version="1.0" encoding="UTF-8"?>
<testng-results ignored="0" total="4" passed="4" failed="0" skipped="0">
  <reporter-output>
    <line>
      <![CDATA[sampletest1 = [Pass]<br>]]>
    </line>
    <line>
      <![CDATA[sampletest2 = [Pass]<br>]]>
    </line>
    <line>
      <![CDATA[sampletest3 = [Pass]<br>]]>
    </line>
    <line>
      <![CDATA[sampletest4 = [Pass]<br>]]>
    </line>
  </reporter-output>
  <suite started-at="2025-03-06T14:35:39 IST" name="Sample Suite" finished-at="2025-03-06T14:35:44 IST" duration-ms="5078">
    <groups>
    </groups>
    <test started-at="2025-03-06T14:35:39 IST" name="Sample Test" finished-at="2025-03-06T14:35:40 IST" duration-ms="902">
      <class name="testclasses.sample.sampleTest">
        <test-method signature="sampletest1()[pri:1, instance:testclasses.sample.sampleTest@4102b1b1]" started-at="2025-03-06T14:35:39 IST" name="sampletest1" description="To verify sample test 1" finished-at="2025-03-06T14:35:40 IST" duration-ms="285" status="PASS">
          <reporter-output>
            <line>
              <![CDATA[sampletest1 = [Pass]<br>]]>
            </line>
          </reporter-output>
        </test-method> <!-- sampletest1 -->
        <test-method signature="sampletest2()[pri:2, instance:testclasses.sample.sampleTest@4102b1b1]" started-at="2025-03-06T14:35:40 IST" name="sampletest2" description="To verify sample test 2" finished-at="2025-03-06T14:35:40 IST" duration-ms="195" status="PASS">
          <reporter-output>
            <line>
              <![CDATA[sampletest2 = [Pass]<br>]]>
            </line>
          </reporter-output>
        </test-method> <!-- sampletest2 -->
        <test-method signature="sampletest3()[pri:3, instance:testclasses.sample.sampleTest@4102b1b1]" started-at="2025-03-06T14:35:40 IST" name="sampletest3" description="To verify sample test 3" finished-at="2025-03-06T14:35:40 IST" duration-ms="149" status="PASS">
          <reporter-output>
            <line>
              <![CDATA[sampletest3 = [Pass]<br>]]>
            </line>
          </reporter-output>
        </test-method> <!-- sampletest3 -->
        <test-method signature="sampletest4()[pri:4, instance:testclasses.sample.sampleTest@4102b1b1]" started-at="2025-03-06T14:35:40 IST" name="sampletest4" description="To verify sample test 4" finished-at="2025-03-06T14:35:40 IST" duration-ms="128" status="PASS">
          <reporter-output>
            <line>
              <![CDATA[sampletest4 = [Pass]<br>]]>
            </line>
          </reporter-output>
        </test-method> <!-- sampletest4 -->
      </class> <!-- testclasses.Sample.sampleTest -->
    </test> <!-- Sample Test -->
  </suite> <!-- Sample Suie -->
</testng-results>